**************************************************
2024-04-10 17:50:37.457649
**************************************************
Initialized points scale:  tensor(-12.) tensor(12.) tensor(-12.) tensor(12.) tensor(-12.) tensor(12.)
Number of parameters of renderer:  3643395
Point features:  torch.Size([3000, 64]) tensor(-4.5974, grad_fn=<MinBackward1>) tensor(4.3983, grad_fn=<MaxBackward1>) tensor(-0.0005, grad_fn=<MeanBackward0>) tensor(0.9997, grad_fn=<StdBackward0>)
Using v_extra_dim:  64
LR factor:  1.0
Loaded blender (1, 540, 960, 4) [540, 960, 1333.3332374325219] ./data/butterfly/frame_000
c2w:  torch.Size([45, 4, 4])
Loaded blender (1, 540, 960, 4) [540, 960, 1333.3332374325219] ./data/butterfly/frame_000
c2w:  torch.Size([6, 4, 4])
Using MSE loss, loss weight:  1.0
Loading model from: /project/6054857/kla280/papr/vgg.pth
Using LPIPS loss, loss weight:  0.01
Start step: 0 Total steps: 250000
 encode: 0 torch.Size([25600, 20, 32]) -12.0390625 11.0390625 0.1864013671875 5.453125
 embedv: 0 torch.Size([25600, 20, 32]) -12.0390625 11.0390625 0.1864013671875 5.453125
 scores: 0 torch.Size([25600, 1, 1, 20]) 0.0 0.0 0.0 0.0
 feat map: 0 torch.Size([1, 160, 160, 32]) -11.853514671325684 10.901952743530273 0.18644294142723083 5.454384803771973
 predict rgb: 0 torch.Size([1, 160, 160, 3]) 0.8344496488571167 0.9588298797607422 0.9093273878097534 0.02236788533627987
Train step: 200 loss: 0.015613963827490807 tx_lr: 6.00000000000005e-06 pts_lr: 0.0029999953098479963 scale: 65536.0 time: 87.36s
 encode: 200 torch.Size([25600, 20, 32]) -8.1640625 12.125 0.68212890625 4.3125
 embedv: 200 torch.Size([25600, 20, 32]) -8.1640625 12.125 0.68212890625 4.3125
 scores: 200 torch.Size([25600, 1, 1, 20]) 0.0 0.0 0.0 0.0
Train step: 400 loss: 0.02676459588110447 tx_lr: 1.200000000000007e-05 pts_lr: 0.00299998114502882 scale: 65536.0 time: 83.47s
 encode: 400 torch.Size([25600, 20, 32]) -7.69140625 11.84375 0.76953125 4.21875
 embedv: 400 torch.Size([25600, 20, 32]) -7.69140625 11.84375 0.76953125 4.21875
 scores: 400 torch.Size([25600, 1, 1, 20]) 0.0 0.0 0.0 0.0
**************************************************
2024-04-10 18:36:12.590984
**************************************************
Initialized points scale:  tensor(-12.) tensor(12.) tensor(-12.) tensor(12.) tensor(-12.) tensor(12.)
Number of parameters of renderer:  3643395
Point features:  torch.Size([3000, 64]) tensor(-4.5974, grad_fn=<MinBackward1>) tensor(4.3983, grad_fn=<MaxBackward1>) tensor(-0.0005, grad_fn=<MeanBackward0>) tensor(0.9997, grad_fn=<StdBackward0>)
Using v_extra_dim:  64
LR factor:  1.0
Loaded blender (1, 540, 960, 4) [540, 960, 1333.3332374325219] ./data/butterfly/frame_000
c2w:  torch.Size([45, 4, 4])
Loaded blender (1, 540, 960, 4) [540, 960, 1333.3332374325219] ./data/butterfly/frame_000
c2w:  torch.Size([6, 4, 4])
Using MSE loss, loss weight:  1.0
Loading model from: /project/6054857/kla280/papr/vgg.pth
Using LPIPS loss, loss weight:  0.01
Start step: 0 Total steps: 250000
 encode: 0 torch.Size([25600, 20, 32]) -12.0390625 11.0390625 0.1864013671875 5.453125
 embedv: 0 torch.Size([25600, 20, 32]) -12.0390625 11.0390625 0.1864013671875 5.453125
 scores: 0 torch.Size([25600, 1, 1, 20]) 0.0 0.0 0.0 0.0
 feat map: 0 torch.Size([1, 160, 160, 32]) -11.853514671325684 10.901952743530273 0.18644294142723083 5.454384803771973
 predict rgb: 0 torch.Size([1, 160, 160, 3]) 0.8344496488571167 0.9588298797607422 0.9093273878097534 0.02236788533627987
Train step: 200 loss: 0.015613963827490807 tx_lr: 6.00000000000005e-06 pts_lr: 0.0029999953098479963 scale: 65536.0 time: 74.43s
 encode: 200 torch.Size([25600, 20, 32]) -8.1640625 12.125 0.68212890625 4.3125
 embedv: 200 torch.Size([25600, 20, 32]) -8.1640625 12.125 0.68212890625 4.3125
 scores: 200 torch.Size([25600, 1, 1, 20]) 0.0 0.0 0.0 0.0
Train step: 400 loss: 0.02676459588110447 tx_lr: 1.200000000000007e-05 pts_lr: 0.00299998114502882 scale: 65536.0 time: 67.89s
 encode: 400 torch.Size([25600, 20, 32]) -7.69140625 11.84375 0.76953125 4.21875
 embedv: 400 torch.Size([25600, 20, 32]) -7.69140625 11.84375 0.76953125 4.21875
 scores: 400 torch.Size([25600, 1, 1, 20]) 0.0 0.0 0.0 0.0
**************************************************
2024-04-10 18:57:51.377967
**************************************************
Initialized points scale:  tensor(-12.) tensor(12.) tensor(-12.) tensor(12.) tensor(-12.) tensor(12.)
Number of parameters of renderer:  3643395
Point features:  torch.Size([3000, 64]) tensor(-4.5974, grad_fn=<MinBackward1>) tensor(4.3983, grad_fn=<MaxBackward1>) tensor(-0.0005, grad_fn=<MeanBackward0>) tensor(0.9997, grad_fn=<StdBackward0>)
Using v_extra_dim:  64
LR factor:  1.0
Loaded blender (1, 540, 960, 4) [540, 960, 1333.3332374325219] ./data/butterfly/frame_000
c2w:  torch.Size([45, 4, 4])
Loaded blender (1, 540, 960, 4) [540, 960, 1333.3332374325219] ./data/butterfly/frame_000
c2w:  torch.Size([6, 4, 4])
Using MSE loss, loss weight:  1.0
Loading model from: /project/6054857/kla280/papr/vgg.pth
Using LPIPS loss, loss weight:  0.01
Start step: 0 Total steps: 250000
**************************************************
2024-04-10 23:17:56.048840
**************************************************
Initialized points scale:  tensor(-12.) tensor(12.) tensor(-12.) tensor(12.) tensor(-12.) tensor(12.)
Number of parameters of renderer:  3643395
Point features:  torch.Size([3000, 64]) tensor(-4.5974, grad_fn=<MinBackward1>) tensor(4.3983, grad_fn=<MaxBackward1>) tensor(-0.0005, grad_fn=<MeanBackward0>) tensor(0.9997, grad_fn=<StdBackward0>)
Using v_extra_dim:  64
LR factor:  1.0
Loaded blender (1, 540, 960, 4) [540, 960, 1333.3332374325219] ./data/butterfly/frame_000
c2w:  torch.Size([100, 4, 4])
Loaded blender (1, 540, 960, 4) [540, 960, 1333.3332374325219] ./data/butterfly/frame_000
c2w:  torch.Size([100, 4, 4])
Using MSE loss, loss weight:  1.0
Loading model from: /project/6054857/kla280/papr/vgg.pth
Using LPIPS loss, loss weight:  0.01
Start step: 0 Total steps: 250000
**************************************************
2024-04-11 00:06:11.848858
**************************************************
Initialized points scale:  tensor(-12.) tensor(12.) tensor(-12.) tensor(12.) tensor(-12.) tensor(12.)
Number of parameters of renderer:  3643395
Point features:  torch.Size([3000, 64]) tensor(-4.5974, grad_fn=<MinBackward1>) tensor(4.3983, grad_fn=<MaxBackward1>) tensor(-0.0005, grad_fn=<MeanBackward0>) tensor(0.9997, grad_fn=<StdBackward0>)
Using v_extra_dim:  64
LR factor:  1.0
Loaded blender (1, 540, 960, 4) [540, 960, 1333.3332374325219] ./data/butterfly/frame_000
c2w:  torch.Size([100, 4, 4])
Loaded blender (1, 540, 960, 4) [540, 960, 1333.3332374325219] ./data/butterfly/frame_000
c2w:  torch.Size([100, 4, 4])
Using MSE loss, loss weight:  1.0
Loading model from: /project/6054857/kla280/papr/vgg.pth
Using LPIPS loss, loss weight:  0.01
Start step: 0 Total steps: 250000
 encode: 0 torch.Size([25600, 20, 32]) -0.31640625 0.33837890625 -0.0030364990234375 0.1351318359375
 embedv: 0 torch.Size([25600, 20, 32]) -0.31640625 0.33837890625 -0.0030364990234375 0.1351318359375
 scores: 0 torch.Size([25600, 1, 1, 20]) 0.0 0.0 0.0 0.0
 feat map: 0 torch.Size([1, 160, 160, 32]) -0.3102050721645355 0.33577877283096313 -0.003037340473383665 0.1350993663072586
 predict rgb: 0 torch.Size([1, 160, 160, 3]) 0.8716694712638855 0.8812915086746216 0.8755792379379272 0.003936555702239275
Train step: 200 loss: 0.01599532552063465 tx_lr: 6.00000000000005e-06 pts_lr: 0.0029999953098479963 scale: 65536.0 time: 74.86s
 encode: 200 torch.Size([25600, 20, 32]) -0.372802734375 0.34765625 0.0018148422241210938 0.16015625
 embedv: 200 torch.Size([25600, 20, 32]) -0.372802734375 0.34765625 0.0018148422241210938 0.16015625
 scores: 200 torch.Size([25600, 1, 1, 20]) 0.0 0.0 0.0 0.0
Train step: 400 loss: 0.01640964299440384 tx_lr: 1.200000000000007e-05 pts_lr: 0.00299998114502882 scale: 65536.0 time: 69.03s
 encode: 400 torch.Size([25600, 20, 32]) -0.5849609375 0.28271484375 0.020965576171875 0.1553955078125
 embedv: 400 torch.Size([25600, 20, 32]) -0.5849609375 0.28271484375 0.020965576171875 0.1553955078125
 scores: 400 torch.Size([25600, 1, 1, 20]) 0.0 0.0 0.0 0.0
Eval step: 500 train_loss: 0.09988235689327121 eval_loss: 0.09746809303760529 eval_psnr: 10.16282268371861
Train step: 600 loss: 0.05480070412158966 tx_lr: 1.8000000000000102e-05 pts_lr: 0.0029999575055134997 scale: 65536.0 time: 74.20s
 encode: 600 torch.Size([25600, 20, 32]) -0.78955078125 0.60009765625 0.0609130859375 0.281005859375
 embedv: 600 torch.Size([25600, 20, 32]) -0.78955078125 0.60009765625 0.0609130859375 0.281005859375
 scores: 600 torch.Size([25600, 1, 1, 20]) 0.0 0.0 0.0 0.0
Train step: 800 loss: 0.016481388360261917 tx_lr: 2.4000000000000123e-05 pts_lr: 0.002999924391451359 scale: 65536.0 time: 71.14s
 encode: 800 torch.Size([25600, 20, 32]) -0.53662109375 0.37548828125 0.01026153564453125 0.129638671875
 embedv: 800 torch.Size([25600, 20, 32]) -0.53662109375 0.37548828125 0.01026153564453125 0.129638671875
 scores: 800 torch.Size([25600, 1, 1, 20]) 0.0 0.0 0.0 0.0
Train step: 1000 loss: 0.015826091170310974 tx_lr: 3.0000000000000123e-05 pts_lr: 0.0029998818030515678 scale: 65536.0 time: 71.90s
Eval step: 1000 train_loss: 0.09973485835269094 eval_loss: 0.09549205005168915 eval_psnr: 10.273448028802543
 encode: 1000 torch.Size([25600, 20, 32]) -0.9345703125 1.16796875 0.03802490234375 0.470947265625
 embedv: 1000 torch.Size([25600, 20, 32]) -0.9345703125 1.16796875 0.03802490234375 0.470947265625
 scores: 1000 torch.Size([25600, 1, 1, 20]) 0.0 0.0 0.0 0.0
 feat map: 1000 torch.Size([1, 160, 160, 32]) -0.9290527105331421 1.1628905534744263 0.03802645206451416 0.47102466225624084
 predict rgb: 1000 torch.Size([1, 160, 160, 3]) 0.870988130569458 0.8970311284065247 0.883160412311554 0.009271475486457348
Train step: 1200 loss: 0.022158673033118248 tx_lr: 3.600000000000017e-05 pts_lr: 0.002999829740583134 scale: 65536.0 time: 75.28s
 encode: 1200 torch.Size([25600, 20, 32]) -1.951171875 1.33984375 0.077392578125 0.423828125
 embedv: 1200 torch.Size([25600, 20, 32]) -1.951171875 1.33984375 0.077392578125 0.423828125
 scores: 1200 torch.Size([25600, 1, 1, 20]) 0.0 0.0 0.0 0.0
Train step: 1400 loss: 0.014627142809331417 tx_lr: 4.200000000000009e-05 pts_lr: 0.0029997682043749157 scale: 65536.0 time: 71.75s
 encode: 1400 torch.Size([25600, 20, 32]) -0.46240234375 0.6015625 -0.01279449462890625 0.27001953125
 embedv: 1400 torch.Size([25600, 20, 32]) -0.46240234375 0.6015625 -0.01279449462890625 0.27001953125
 scores: 1400 torch.Size([25600, 1, 1, 20]) 0.0 0.0 0.0 0.0
Eval step: 1500 train_loss: 0.1010253081638366 eval_loss: 0.10171005129814148 eval_psnr: 9.983689114998585
Train step: 1600 loss: 0.018250565975904465 tx_lr: 4.8000000000000184e-05 pts_lr: 0.0029996971948156085 scale: 65536.0 time: 77.02s
 encode: 1600 torch.Size([25600, 20, 32]) -2.7109375 1.5244140625 0.1448974609375 0.5537109375
 embedv: 1600 torch.Size([25600, 20, 32]) -2.7109375 1.5244140625 0.1448974609375 0.5537109375
 scores: 1600 torch.Size([25600, 1, 1, 20]) 0.0 0.0 0.0 0.0
Train step: 1800 loss: 0.38472363352775574 tx_lr: 5.4000000000000215e-05 pts_lr: 0.002999616712353739 scale: 65536.0 time: 71.85s
 encode: 1800 torch.Size([25600, 20, 32]) -4.51171875 2.923828125 0.28759765625 1.1865234375
 embedv: 1800 torch.Size([25600, 20, 32]) -4.51171875 2.923828125 0.28759765625 1.1865234375
 scores: 1800 torch.Size([25600, 1, 1, 20]) 2.2265625 3.078125 2.74609375 0.1868896484375
Train step: 2000 loss: 0.014667464420199394 tx_lr: 6.000000000000029e-05 pts_lr: 0.00299952675749769 scale: 131072.0 time: 71.24s
Eval step: 2000 train_loss: 0.09837228017370217 eval_loss: 0.1091308668255806 eval_psnr: 9.683257669855905
 encode: 2000 torch.Size([25600, 20, 32]) -0.388427734375 0.425537109375 0.017669677734375 0.134033203125
 embedv: 2000 torch.Size([25600, 20, 32]) -0.388427734375 0.425537109375 0.017669677734375 0.134033203125
 scores: 2000 torch.Size([25600, 1, 1, 20]) 0.0 0.0 0.0 0.0
 feat map: 2000 torch.Size([1, 160, 160, 32]) -0.3604491949081421 0.3941894471645355 0.017671646550297737 0.13385769724845886
 predict rgb: 2000 torch.Size([1, 160, 160, 3]) 0.8734380602836609 0.8865718841552734 0.8794488906860352 0.0022469416726380587
Train step: 2200 loss: 0.09655728191137314 tx_lr: 6.60000000000004e-05 pts_lr: 0.002999427330815658 scale: 65536.0 time: 76.91s
 encode: 2200 torch.Size([25600, 20, 32]) -0.5771484375 0.79638671875 0.0119781494140625 0.24951171875
 embedv: 2200 torch.Size([25600, 20, 32]) -0.5771484375 0.79638671875 0.0119781494140625 0.24951171875
 scores: 2200 torch.Size([25600, 1, 1, 20]) 0.0 0.0 0.0 0.0
Train step: 2400 loss: 0.008326093666255474 tx_lr: 7.200000000000054e-05 pts_lr: 0.002999318432935676 scale: 65536.0 time: 71.18s
 encode: 2400 torch.Size([25600, 20, 32]) -1.91015625 2.45703125 -0.02630615234375 0.96533203125
 embedv: 2400 torch.Size([25600, 20, 32]) -1.91015625 2.45703125 -0.02630615234375 0.96533203125
 scores: 2400 torch.Size([25600, 1, 1, 20]) 0.0 0.0 0.0 0.0
Eval step: 2500 train_loss: 0.0965016697467072 eval_loss: 0.10420961678028107 eval_psnr: 9.87678381152189
Train step: 2600 loss: 0.033344563096761703 tx_lr: 7.800000000000077e-05 pts_lr: 0.002999200064545609 scale: 65536.0 time: 74.11s
 encode: 2600 torch.Size([25600, 20, 32]) -1.673828125 2.162109375 0.005584716796875 0.814453125
 embedv: 2600 torch.Size([25600, 20, 32]) -1.673828125 2.162109375 0.005584716796875 0.814453125
 scores: 2600 torch.Size([25600, 1, 1, 20]) 0.0 0.0 0.0 0.0
Train step: 2800 loss: 0.012632635422050953 tx_lr: 8.400000000000103e-05 pts_lr: 0.002999072226393129 scale: 65536.0 time: 70.56s
 encode: 2800 torch.Size([25600, 20, 32]) -1.2978515625 1.490234375 -0.037261962890625 0.62890625
 embedv: 2800 torch.Size([25600, 20, 32]) -1.2978515625 1.490234375 -0.037261962890625 0.62890625
 scores: 2800 torch.Size([25600, 1, 1, 20]) 0.0 0.0 0.0 0.0
Train step: 3000 loss: 0.013019034639000893 tx_lr: 9.000000000000129e-05 pts_lr: 0.002998934919285731 scale: 65536.0 time: 72.38s
Eval step: 3000 train_loss: 0.08405478950974066 eval_loss: 0.09770549833774567 eval_psnr: 10.172313836305003
 encode: 3000 torch.Size([25600, 20, 32]) -6.0546875 4.1640625 0.1558837890625 1.138671875
 embedv: 3000 torch.Size([25600, 20, 32]) -6.0546875 4.1640625 0.1558837890625 1.138671875
 scores: 3000 torch.Size([25600, 1, 1, 20]) 0.0 0.0 0.0 0.0
 feat map: 3000 torch.Size([1, 160, 160, 32]) -5.946874618530273 4.078710556030273 0.15592160820960999 1.138611912727356
 predict rgb: 3000 torch.Size([1, 160, 160, 3]) 0.6191471815109253 0.9977965354919434 0.8612516522407532 0.08670223504304886
Train step: 3200 loss: 0.018792174756526947 tx_lr: 9.600000000000145e-05 pts_lr: 0.0029987881440907286 scale: 65536.0 time: 76.63s
 encode: 3200 torch.Size([25600, 20, 32]) -0.76171875 0.853515625 -0.0265960693359375 0.31787109375
 embedv: 3200 torch.Size([25600, 20, 32]) -0.76171875 0.853515625 -0.0265960693359375 0.31787109375
 scores: 3200 torch.Size([25600, 1, 1, 20]) 0.0 0.0 0.0 0.0
Train step: 3400 loss: 0.0116112707182765 tx_lr: 0.00010200000000000184 pts_lr: 0.002998631901735226 scale: 65536.0 time: 68.25s
 encode: 3400 torch.Size([25600, 20, 32]) -8.703125 6.12109375 0.422607421875 2.21875
 embedv: 3400 torch.Size([25600, 20, 32]) -8.703125 6.12109375 0.422607421875 2.21875
 scores: 3400 torch.Size([25600, 1, 1, 20]) 0.0 0.0 0.0 0.0
Eval step: 3500 train_loss: 0.0932464195828652 eval_loss: 0.10162696242332458 eval_psnr: 9.98821226906727
Train step: 3600 loss: 0.14604511857032776 tx_lr: 0.0001080000000000017 pts_lr: 0.002998466193206138 scale: 65536.0 time: 73.78s
 encode: 3600 torch.Size([25600, 20, 32]) -1.3974609375 1.3037109375 -0.022064208984375 0.3037109375
 embedv: 3600 torch.Size([25600, 20, 32]) -1.3974609375 1.3037109375 -0.022064208984375 0.3037109375
 scores: 3600 torch.Size([25600, 1, 1, 20]) 0.0 0.0 0.0 0.0
Train step: 3800 loss: 0.006329575087875128 tx_lr: 0.00011400000000000192 pts_lr: 0.002998291019550171 scale: 65536.0 time: 69.02s
 encode: 3800 torch.Size([25600, 20, 32]) -3.99609375 4.6796875 -0.2164306640625 1.7783203125
 embedv: 3800 torch.Size([25600, 20, 32]) -3.99609375 4.6796875 -0.2164306640625 1.7783203125
 scores: 3800 torch.Size([25600, 1, 1, 20]) 0.0 0.0 0.0 0.0
Train step: 4000 loss: 0.01639765501022339 tx_lr: 0.00012000000000000167 pts_lr: 0.002998106381873815 scale: 65536.0 time: 69.63s
Eval step: 4000 train_loss: 0.08861088194552576 eval_loss: 0.10309387743473053 eval_psnr: 9.93513982403707
 encode: 4000 torch.Size([25600, 20, 32]) -3.767578125 3.880859375 -0.052520751953125 0.97021484375
 embedv: 4000 torch.Size([25600, 20, 32]) -3.767578125 3.880859375 -0.052520751953125 0.97021484375
 scores: 4000 torch.Size([25600, 1, 1, 20]) 0.0 0.0 0.0 0.0
 feat map: 4000 torch.Size([1, 160, 160, 32]) -3.5926756858825684 3.8181636333465576 -0.05252441391348839 0.9694713354110718
 predict rgb: 4000 torch.Size([1, 160, 160, 3]) 0.7257256507873535 0.9559305310249329 0.8969066739082336 0.03851718083024025
Train step: 4200 loss: 0.027361661195755005 tx_lr: 0.00012600000000000203 pts_lr: 0.0029979122813433433 scale: 65536.0 time: 75.57s
 encode: 4200 torch.Size([25600, 20, 32]) -1.7646484375 1.89453125 0.021331787109375 0.3427734375
 embedv: 4200 torch.Size([25600, 20, 32]) -1.7646484375 1.89453125 0.021331787109375 0.3427734375
 scores: 4200 torch.Size([25600, 1, 1, 20]) 0.0 0.0 0.0 0.0
Train step: 4400 loss: 0.0235269945114851 tx_lr: 0.00013200000000000223 pts_lr: 0.002997708719184797 scale: 65536.0 time: 71.04s
 encode: 4400 torch.Size([25600, 20, 32]) -1.529296875 0.91552734375 0.0394287109375 0.321044921875
 embedv: 4400 torch.Size([25600, 20, 32]) -1.529296875 0.91552734375 0.0394287109375 0.321044921875
 scores: 4400 torch.Size([25600, 1, 1, 20]) 0.0 0.0 0.0 0.0
Eval step: 4500 train_loss: 0.09452279581472976 eval_loss: 0.11945686489343643 eval_psnr: 9.285352451955491
Train step: 4600 loss: 0.00769277336075902 tx_lr: 0.00013800000000000222 pts_lr: 0.0029974956966839898 scale: 65536.0 time: 74.40s
 encode: 4600 torch.Size([25600, 20, 32]) -1.9296875 1.5517578125 0.022918701171875 0.41064453125
 embedv: 4600 torch.Size([25600, 20, 32]) -1.9296875 1.5517578125 0.022918701171875 0.41064453125
 scores: 4600 torch.Size([25600, 1, 1, 20]) 0.0 0.0 0.0 0.0
Train step: 4800 loss: 0.26373782753944397 tx_lr: 0.00014400000000000236 pts_lr: 0.0029972732151864875 scale: 65536.0 time: 67.84s
 encode: 4800 torch.Size([25600, 20, 32]) -2.576171875 2.49609375 -0.07537841796875 0.480712890625
 embedv: 4800 torch.Size([25600, 20, 32]) -2.576171875 2.49609375 -0.07537841796875 0.480712890625
 scores: 4800 torch.Size([25600, 1, 1, 20]) 0.0 0.0 0.0 0.0
Train step: 5000 loss: 0.004627009853720665 tx_lr: 0.000150000000000002 pts_lr: 0.0029970412760976 scale: 65536.0 time: 68.43s
Eval step: 5000 train_loss: 0.08172429242939688 eval_loss: 0.11883411556482315 eval_psnr: 9.303453056560839
 encode: 5000 torch.Size([25600, 20, 32]) -4.25 3.1171875 0.080810546875 0.650390625
 embedv: 5000 torch.Size([25600, 20, 32]) -4.25 3.1171875 0.080810546875 0.650390625
 scores: 5000 torch.Size([25600, 1, 1, 20]) 0.0 0.0 0.0 0.0
 feat map: 5000 torch.Size([1, 160, 160, 32]) -4.1845703125 3.0647459030151367 0.08082527667284012 0.6496883034706116
 predict rgb: 5000 torch.Size([1, 160, 160, 3]) 0.661592960357666 0.9161520600318909 0.8354578614234924 0.05633502081036568
Train step: 5200 loss: 0.03297238051891327 tx_lr: 0.0001560000000000022 pts_lr: 0.0029967998808823866 scale: 65536.0 time: 74.70s
 encode: 5200 torch.Size([25600, 20, 32]) -4.8984375 4.62109375 0.0187530517578125 0.9892578125
 embedv: 5200 torch.Size([25600, 20, 32]) -4.8984375 4.62109375 0.0187530517578125 0.9892578125
 scores: 5200 torch.Size([25600, 1, 1, 20]) 0.0 0.0 0.0 0.0
Train step: 5400 loss: 0.017162898555397987 tx_lr: 0.00016200000000000223 pts_lr: 0.002996549031065626 scale: 65536.0 time: 70.15s
 encode: 5400 torch.Size([25600, 20, 32]) -0.78466796875 0.7607421875 -0.0033969879150390625 0.11578369140625
 embedv: 5400 torch.Size([25600, 20, 32]) -0.78466796875 0.7607421875 -0.0033969879150390625 0.11578369140625
 scores: 5400 torch.Size([25600, 1, 1, 20]) 0.0 0.0 0.0 0.0
Eval step: 5500 train_loss: 0.08721892414923059 eval_loss: 0.10338736325502396 eval_psnr: 9.920167473879847
Train step: 5600 loss: 0.044168177992105484 tx_lr: 0.0001680000000000017 pts_lr: 0.002996288728231826 scale: 65536.0 time: 75.10s
 encode: 5600 torch.Size([25600, 20, 32]) -3.4765625 3.078125 -0.11083984375 0.8056640625
 embedv: 5600 torch.Size([25600, 20, 32]) -3.4765625 3.078125 -0.11083984375 0.8056640625
 scores: 5600 torch.Size([25600, 1, 1, 20]) 0.0 0.0 0.0 0.0
Train step: 5800 loss: 0.2815762460231781 tx_lr: 0.00017400000000000182 pts_lr: 0.002996018974025194 scale: 65536.0 time: 69.44s
 encode: 5800 torch.Size([25600, 20, 32]) -3.69140625 2.798828125 -0.1844482421875 1.11328125
 embedv: 5800 torch.Size([25600, 20, 32]) -3.69140625 2.798828125 -0.1844482421875 1.11328125
 scores: 5800 torch.Size([25600, 1, 1, 20]) 0.0 0.0 0.0 0.0
Train step: 6000 loss: 0.019877947866916656 tx_lr: 0.0001800000000000017 pts_lr: 0.0029957397701496497 scale: 65536.0 time: 71.16s
Eval step: 6000 train_loss: 0.08230075544698047 eval_loss: 0.10185053944587708 eval_psnr: 9.967063264803327
 encode: 6000 torch.Size([25600, 20, 32]) -6.84375 6.30078125 -0.1669921875 1.41015625
 embedv: 6000 torch.Size([25600, 20, 32]) -6.84375 6.30078125 -0.1669921875 1.41015625
 scores: 6000 torch.Size([25600, 1, 1, 20]) 0.0 0.0 0.0 0.0
 feat map: 6000 torch.Size([1, 160, 160, 32]) -6.654491901397705 6.126953125 -0.1670466959476471 1.4095898866653442
 predict rgb: 6000 torch.Size([1, 160, 160, 3]) 0.865051805973053 0.9508277773857117 0.9188279509544373 0.016111578792333603
Train step: 6200 loss: 0.015164511278271675 tx_lr: 0.00018600000000000178 pts_lr: 0.0029954511183687958 scale: 65536.0 time: 77.58s
 encode: 6200 torch.Size([25600, 20, 32]) -2.673828125 2.134765625 -0.11627197265625 0.68603515625
 embedv: 6200 torch.Size([25600, 20, 32]) -2.673828125 2.134765625 -0.11627197265625 0.68603515625
 scores: 6200 torch.Size([25600, 1, 1, 20]) 0.0 0.0 0.0 0.0
Train step: 6400 loss: 0.08293046057224274 tx_lr: 0.00019200000000000177 pts_lr: 0.0029951530205059055 scale: 65536.0 time: 71.18s
 encode: 6400 torch.Size([25600, 20, 32]) -9.75 6.5859375 -0.53955078125 2.162109375
 embedv: 6400 torch.Size([25600, 20, 32]) -9.75 6.5859375 -0.53955078125 2.162109375
 scores: 6400 torch.Size([25600, 1, 1, 20]) 0.0 0.0 0.0 0.0
Eval step: 6500 train_loss: 0.08699218222952913 eval_loss: 0.11280917376279831 eval_psnr: 9.534229213482842
Train step: 6600 loss: 0.1850404590368271 tx_lr: 0.00019800000000000224 pts_lr: 0.0029948454784439393 scale: 65536.0 time: 75.34s
 encode: 6600 torch.Size([25600, 20, 32]) -2.5625 2.861328125 -0.1319580078125 0.91259765625
 embedv: 6600 torch.Size([25600, 20, 32]) -2.5625 2.861328125 -0.1319580078125 0.91259765625
 scores: 6600 torch.Size([25600, 1, 1, 20]) 0.0 0.0 0.0 0.0
Train step: 6800 loss: 0.025222882628440857 tx_lr: 0.0002040000000000026 pts_lr: 0.0029945284941254916 scale: 65536.0 time: 70.89s
 encode: 6800 torch.Size([25600, 20, 32]) -7.2734375 6.5 0.339111328125 2.4140625
 embedv: 6800 torch.Size([25600, 20, 32]) -7.2734375 6.5 0.339111328125 2.4140625
 scores: 6800 torch.Size([25600, 1, 1, 20]) 0.0 0.0 0.0 0.0
Train step: 7000 loss: 0.009135113097727299 tx_lr: 0.00021000000000000245 pts_lr: 0.0029942020695528137 scale: 65536.0 time: 71.22s
Eval step: 7000 train_loss: 0.09309013917524135 eval_loss: 0.09715382754802704 eval_psnr: 10.178011690378547
 encode: 7000 torch.Size([25600, 20, 32]) -1.8212890625 1.5107421875 0.03143310546875 0.385986328125
 embedv: 7000 torch.Size([25600, 20, 32]) -1.8212890625 1.5107421875 0.03143310546875 0.385986328125
 scores: 7000 torch.Size([25600, 1, 1, 20]) 0.0 0.0 0.0 0.0
 feat map: 7000 torch.Size([1, 160, 160, 32]) -1.7974119186401367 1.4905272722244263 0.031432777643203735 0.38191020488739014
 predict rgb: 7000 torch.Size([1, 160, 160, 3]) 0.7823200821876526 0.8975964784622192 0.8301555514335632 0.030361201614141464
Train step: 7200 loss: 0.016221892088651657 tx_lr: 0.00021600000000000246 pts_lr: 0.0029938662067877805 scale: 65536.0 time: 76.60s
 encode: 7200 torch.Size([25600, 20, 32]) -4.47265625 3.01171875 -0.0023670196533203125 0.79296875
 embedv: 7200 torch.Size([25600, 20, 32]) -4.47265625 3.01171875 -0.0023670196533203125 0.79296875
 scores: 7200 torch.Size([25600, 1, 1, 20]) 0.0 0.0 0.0 0.0
Train step: 7400 loss: 0.012953350320458412 tx_lr: 0.0002220000000000022 pts_lr: 0.002993520907951876 scale: 65536.0 time: 71.16s
 encode: 7400 torch.Size([25600, 20, 32]) -4.6875 4.0859375 -0.1395263671875 0.87890625
 embedv: 7400 torch.Size([25600, 20, 32]) -4.6875 4.0859375 -0.1395263671875 0.87890625
 scores: 7400 torch.Size([25600, 1, 1, 20]) 0.0 0.0 0.0 0.0
Eval step: 7500 train_loss: 0.09365778364281868 eval_loss: 0.10616904497146606 eval_psnr: 9.795898101498674
Train step: 7600 loss: 0.04449588432908058 tx_lr: 0.00022800000000000207 pts_lr: 0.0029931661752262053 scale: 65536.0 time: 74.40s
 encode: 7600 torch.Size([25600, 20, 32]) -1.3779296875 1.134765625 -0.035614013671875 0.246826171875
 embedv: 7600 torch.Size([25600, 20, 32]) -1.3779296875 1.134765625 -0.035614013671875 0.246826171875
 scores: 7600 torch.Size([25600, 1, 1, 20]) 0.0 0.0 0.0 0.0
Train step: 7800 loss: 0.30090686678886414 tx_lr: 0.00023400000000000203 pts_lr: 0.0029928020108514444 scale: 32768.0 time: 67.98s
 encode: 7800 torch.Size([25600, 20, 32]) -1.3515625 1.2880859375 0.00785064697265625 0.441650390625
 embedv: 7800 torch.Size([25600, 20, 32]) -1.3515625 1.2880859375 0.00785064697265625 0.441650390625
 scores: 7800 torch.Size([25600, 1, 1, 20]) 0.0 0.0 0.0 0.0
Train step: 8000 loss: 0.382250040769577 tx_lr: 0.00024000000000000223 pts_lr: 0.00299242841712786 scale: 32768.0 time: 70.95s
Eval step: 8000 train_loss: 0.10247991996118799 eval_loss: 0.10327073186635971 eval_psnr: 9.909847806740158
 encode: 8000 torch.Size([25600, 20, 32]) -6.63671875 6.76953125 -0.4228515625 2.4453125
 embedv: 8000 torch.Size([25600, 20, 32]) -6.63671875 6.76953125 -0.4228515625 2.4453125
 scores: 8000 torch.Size([25600, 1, 1, 20]) 0.0 0.0 0.0 0.0
 feat map: 8000 torch.Size([1, 160, 160, 32]) -6.60292911529541 6.735156059265137 -0.4228273630142212 2.444615364074707
 predict rgb: 8000 torch.Size([1, 160, 160, 3]) 0.8965237736701965 0.9839958548545837 0.9412404894828796 0.010366051457822323
Train step: 8200 loss: 0.004825470969080925 tx_lr: 0.00024600000000000197 pts_lr: 0.0029920453964152687 scale: 32768.0 time: 76.17s
 encode: 8200 torch.Size([25600, 20, 32]) -9.1953125 11.3828125 -0.314208984375 3.220703125
 embedv: 8200 torch.Size([25600, 20, 32]) -9.1953125 11.3828125 -0.314208984375 3.220703125
 scores: 8200 torch.Size([25600, 1, 1, 20]) 0.0 0.0 0.0 0.0
Train step: 8400 loss: 0.021529709920287132 tx_lr: 0.0002520000000000023 pts_lr: 0.0029916529511330382 scale: 32768.0 time: 69.86s
 encode: 8400 torch.Size([25600, 20, 32]) -6.7734375 8.203125 -0.191162109375 2.03515625
 embedv: 8400 torch.Size([25600, 20, 32]) -6.7734375 8.203125 -0.191162109375 2.03515625
 scores: 8400 torch.Size([25600, 1, 1, 20]) 0.0 0.0 0.0 0.0
Eval step: 8500 train_loss: 0.08270635591610334 eval_loss: 0.097206249833107 eval_psnr: 10.18633691861799
Train step: 8600 loss: 0.0019026176305487752 tx_lr: 0.000258000000000002 pts_lr: 0.002991251083760069 scale: 32768.0 time: 75.48s
 encode: 8600 torch.Size([25600, 20, 32]) -9.6171875 8.03125 0.1141357421875 3.109375
 embedv: 8600 torch.Size([25600, 20, 32]) -9.6171875 8.03125 0.1141357421875 3.109375
 scores: 8600 torch.Size([25600, 1, 1, 20]) 0.0 0.0 0.0 0.0
Train step: 8800 loss: 0.014335629530251026 tx_lr: 0.00026400000000000154 pts_lr: 0.002990839796834777 scale: 32768.0 time: 68.94s
 encode: 8800 torch.Size([25600, 20, 32]) -5.234375 4.31640625 0.003383636474609375 1.1484375
 embedv: 8800 torch.Size([25600, 20, 32]) -5.234375 4.31640625 0.003383636474609375 1.1484375
 scores: 8800 torch.Size([25600, 1, 1, 20]) 0.0 0.0 0.0 0.0
Train step: 9000 loss: 0.005043918266892433 tx_lr: 0.000270000000000002 pts_lr: 0.0029904190929550636 scale: 32768.0 time: 69.41s
Eval step: 9000 train_loss: 0.0949768727622577 eval_loss: 0.09709937125444412 eval_psnr: 10.193074711132502
 encode: 9000 torch.Size([25600, 20, 32]) -4.0859375 4.21484375 -0.177001953125 1.49609375
 embedv: 9000 torch.Size([25600, 20, 32]) -4.0859375 4.21484375 -0.177001953125 1.49609375
 scores: 9000 torch.Size([25600, 1, 1, 20]) 0.0 0.0 0.0 0.0
 feat map: 9000 torch.Size([1, 160, 160, 32]) -3.795409917831421 3.9095699787139893 -0.1770460158586502 1.494815468788147
 predict rgb: 9000 torch.Size([1, 160, 160, 3]) 0.8763047456741333 0.9141515493392944 0.892290472984314 0.005914656911045313
Train step: 9200 loss: 0.012569284066557884 tx_lr: 0.00027600000000000237 pts_lr: 0.0029899889747783273 scale: 32768.0 time: 74.47s
 encode: 9200 torch.Size([25600, 20, 32]) -1.4189453125 1.06640625 0.01229095458984375 0.3056640625
 embedv: 9200 torch.Size([25600, 20, 32]) -1.4189453125 1.06640625 0.01229095458984375 0.3056640625
 scores: 9200 torch.Size([25600, 1, 1, 20]) 0.0 0.0 0.0 0.0
Train step: 9400 loss: 0.010560767725110054 tx_lr: 0.000282000000000003 pts_lr: 0.0029895494450214327 scale: 32768.0 time: 68.62s
 encode: 9400 torch.Size([25600, 20, 32]) -8.046875 7.1640625 -0.1612548828125 2.28515625
 embedv: 9400 torch.Size([25600, 20, 32]) -8.046875 7.1640625 -0.1612548828125 2.28515625
 scores: 9400 torch.Size([25600, 1, 1, 20]) 0.0 0.0 0.0 0.0
Eval step: 9500 train_loss: 0.08638597104372457 eval_loss: 0.10300308465957642 eval_psnr: 9.930303148715785
Train step: 9600 loss: 0.14087118208408356 tx_lr: 0.00028800000000000364 pts_lr: 0.002989100506460681 scale: 32768.0 time: 75.07s
 encode: 9600 torch.Size([25600, 20, 32]) -4.75 4.04296875 -0.2105712890625 1.28515625
 embedv: 9600 torch.Size([25600, 20, 32]) -4.75 4.04296875 -0.2105712890625 1.28515625
 scores: 9600 torch.Size([25600, 1, 1, 20]) 0.0 0.0 0.0 0.0
Train step: 9800 loss: 0.04727468639612198 tx_lr: 0.0002940000000000042 pts_lr: 0.002988642161931821 scale: 65536.0 time: 70.74s
 encode: 9800 torch.Size([25600, 20, 32]) -1.896484375 1.3837890625 0.03240966796875 0.443603515625
 embedv: 9800 torch.Size([25600, 20, 32]) -1.896484375 1.3837890625 0.03240966796875 0.443603515625
 scores: 9800 torch.Size([25600, 1, 1, 20]) 0.0 0.0 0.0 0.0
Train step: 10000 loss: 0.40548932552337646 tx_lr: 0.0003 pts_lr: 0.002988174414330002 scale: 65536.0 time: 71.34s
Eval step: 10000 train_loss: 0.09563254229968879 eval_loss: 0.11176905035972595 eval_psnr: 9.57322129137556
@@@@@@@@@  pruned 2894/3000
@@@@@@@@@ New points:  torch.Size([106, 3])
@@@@@@@@@ New points_influ_scores:  torch.Size([106, 1])
@@@@@@@@@ New pc_feats:  torch.Size([106, 64])
LR factor:  1.0
Step 10000: Pruned 2894 points, prune threshold 0.000000
 encode: 10000 torch.Size([25600, 20, 32]) -19.84375 18.71875 -1.7509765625 6.78125
 embedv: 10000 torch.Size([25600, 20, 32]) -19.84375 18.71875 -1.7509765625 6.78125
 scores: 10000 torch.Size([25600, 1, 1, 20]) 0.0 0.0 0.0 0.0
 feat map: 10000 torch.Size([1, 160, 160, 32]) -19.57499885559082 18.47421646118164 -1.7513107061386108 6.778975963592529
 predict rgb: 10000 torch.Size([1, 160, 160, 3]) 0.9084978699684143 1.0418659448623657 0.9645111560821533 0.021993562579154968
Train step: 10200 loss: 0.17905761301517487 tx_lr: 0.0002999998714895447 pts_lr: 0.0029876972666097704 scale: 65536.0 time: 74.95s
 encode: 10200 torch.Size([25600, 20, 32]) -24.640625 28.921875 -2.587890625 9.34375
 embedv: 10200 torch.Size([25600, 20, 32]) -24.640625 28.921875 -2.587890625 9.34375
 scores: 10200 torch.Size([25600, 1, 1, 20]) 0.0 0.0 0.0 0.0
Train step: 10400 loss: 0.6232738494873047 tx_lr: 0.00029999948595839837 pts_lr: 0.002987210721785046 scale: 65536.0 time: 68.04s
 encode: 10400 torch.Size([25600, 20, 32]) -7.671875 6.765625 -0.4833984375 2.806640625
 embedv: 10400 torch.Size([25600, 20, 32]) -7.671875 6.765625 -0.4833984375 2.806640625
 scores: 10400 torch.Size([25600, 1, 1, 20]) 0.0 0.0 0.0 0.0
@@@@@@@@@  pruned 0/106
@@@@@@@@@ New points:  torch.Size([106, 3])
@@@@@@@@@ New points_influ_scores:  torch.Size([106, 1])
@@@@@@@@@ New pc_feats:  torch.Size([106, 64])
LR factor:  1.0
Step 10500: Pruned 0 points, prune threshold 0.000000
Train step: 10600 loss: 0.01290756557136774 tx_lr: 0.00029999884340722166 pts_lr: 0.002986714782929123 scale: 32768.0 time: 68.72s
 encode: 10600 torch.Size([25600, 20, 32]) -15.7578125 10.8515625 -0.51220703125 3.85546875
 embedv: 10600 torch.Size([25600, 20, 32]) -15.7578125 10.8515625 -0.51220703125 3.85546875
 scores: 10600 torch.Size([25600, 1, 1, 20]) 0.0 0.0 0.0 0.0
Train step: 10800 loss: 0.03405693918466568 tx_lr: 0.00029999794383711516 pts_lr: 0.002986209453174612 scale: 32768.0 time: 67.82s
 encode: 10800 torch.Size([25600, 20, 32]) -2.83984375 1.4873046875 -0.0364990234375 0.29736328125
 embedv: 10800 torch.Size([25600, 20, 32]) -2.83984375 1.4873046875 -0.0364990234375 0.29736328125
 scores: 10800 torch.Size([25600, 1, 1, 20]) 0.0 0.0 0.0 0.0
Train step: 11000 loss: 0.011253336444497108 tx_lr: 0.00029999678724962076 pts_lr: 0.0029856947357134547 scale: 32768.0 time: 68.33s
@@@@@@@@@  pruned 0/106
@@@@@@@@@ New points:  torch.Size([106, 3])
@@@@@@@@@ New points_influ_scores:  torch.Size([106, 1])
@@@@@@@@@ New pc_feats:  torch.Size([106, 64])
LR factor:  1.0
Step 11000: Pruned 0 points, prune threshold 0.000000
 encode: 11000 torch.Size([25600, 20, 32]) -18.0625 8.5390625 -1.1640625 4.015625
 embedv: 11000 torch.Size([25600, 20, 32]) -18.0625 8.5390625 -1.1640625 4.015625
 scores: 11000 torch.Size([25600, 1, 1, 20]) 0.0 0.0 0.0 0.0
 feat map: 11000 torch.Size([1, 160, 160, 32]) -17.091794967651367 8.074999809265137 -1.1639207601547241 4.013245582580566
 predict rgb: 11000 torch.Size([1, 160, 160, 3]) 0.8860572576522827 0.9177756905555725 0.9005658030509949 0.0037860258016735315
Train step: 11200 loss: 0.08103660494089127 tx_lr: 0.0002999953736467196 pts_lr: 0.0029851706337968857 scale: 32768.0 time: 69.01s
 encode: 11200 torch.Size([25600, 20, 32]) -8.6640625 5.2421875 -0.07098388671875 0.5048828125
 embedv: 11200 torch.Size([25600, 20, 32]) -8.6640625 5.2421875 -0.07098388671875 0.5048828125
 scores: 11200 torch.Size([25600, 1, 1, 20]) 0.0 0.0 0.0 0.0
Train step: 11400 loss: 0.02087603509426117 tx_lr: 0.00029999370303083426 pts_lr: 0.002984637150735419 scale: 32768.0 time: 68.44s
 encode: 11400 torch.Size([25600, 20, 32]) -16.484375 9.6640625 -0.40673828125 2.05078125
 embedv: 11400 torch.Size([25600, 20, 32]) -16.484375 9.6640625 -0.40673828125 2.05078125
 scores: 11400 torch.Size([25600, 1, 1, 20]) 0.0 0.0 0.0 0.0
@@@@@@@@@  pruned 0/106
@@@@@@@@@ New points:  torch.Size([106, 3])
@@@@@@@@@ New points_influ_scores:  torch.Size([106, 1])
@@@@@@@@@ New pc_feats:  torch.Size([106, 64])
LR factor:  1.0
Step 11500: Pruned 0 points, prune threshold 0.000000
Train step: 11600 loss: 0.05482155829668045 tx_lr: 0.00029999177540482747 pts_lr: 0.00298409428989881 scale: 32768.0 time: 69.39s
 encode: 11600 torch.Size([25600, 20, 32]) -14.1953125 9.78125 -0.154541015625 1.1708984375
 embedv: 11600 torch.Size([25600, 20, 32]) -14.1953125 9.78125 -0.154541015625 1.1708984375
 scores: 11600 torch.Size([25600, 1, 1, 20]) 0.0 0.0 0.0 0.0
Train step: 11800 loss: 0.41070106625556946 tx_lr: 0.0002999895907720025 pts_lr: 0.0029835420547160746 scale: 32768.0 time: 67.83s
 encode: 11800 torch.Size([25600, 20, 32]) -14.265625 10.46875 -0.5546875 2.75
 embedv: 11800 torch.Size([25600, 20, 32]) -14.265625 10.46875 -0.5546875 2.75
 scores: 11800 torch.Size([25600, 1, 1, 20]) 0.0 0.0 0.0 0.0
Train step: 12000 loss: 0.026781320571899414 tx_lr: 0.0002999871491361016 pts_lr: 0.0029829804486754324 scale: 32768.0 time: 68.53s
@@@@@@@@@  pruned 0/106
@@@@@@@@@ New points:  torch.Size([106, 3])
@@@@@@@@@ New points_influ_scores:  torch.Size([106, 1])
@@@@@@@@@ New pc_feats:  torch.Size([106, 64])
LR factor:  1.0
Step 12000: Pruned 0 points, prune threshold 0.000000
 encode: 12000 torch.Size([25600, 20, 32]) -15.484375 11.625 -1.0126953125 5.421875
 embedv: 12000 torch.Size([25600, 20, 32]) -15.484375 11.625 -1.0126953125 5.421875
 scores: 12000 torch.Size([25600, 1, 1, 20]) 0.0 0.0 0.0 0.0
 feat map: 12000 torch.Size([1, 160, 160, 32]) -15.094921112060547 11.28788948059082 -1.0124388933181763 5.422197341918945
 predict rgb: 12000 torch.Size([1, 160, 160, 3]) 0.87617427110672 0.9178916215896606 0.8920608758926392 0.0025096647441387177
Train step: 12200 loss: 0.00584550853818655 tx_lr: 0.00029998445050130937 pts_lr: 0.0029824094753242865 scale: 32768.0 time: 69.82s
 encode: 12200 torch.Size([25600, 20, 32]) -76.125 54.53125 -2.83984375 25.84375
 embedv: 12200 torch.Size([25600, 20, 32]) -76.125 54.53125 -2.83984375 25.84375
 scores: 12200 torch.Size([25600, 1, 1, 20]) 0.0 0.0 0.0 0.0
Train step: 12400 loss: 0.26287373900413513 tx_lr: 0.00029998149487224973 pts_lr: 0.002981829138269217 scale: 32768.0 time: 68.85s
 encode: 12400 torch.Size([25600, 20, 32]) -17.046875 10.8046875 -0.8125 5.07421875
 embedv: 12400 torch.Size([25600, 20, 32]) -17.046875 10.8046875 -0.8125 5.07421875
 scores: 12400 torch.Size([25600, 1, 1, 20]) 0.0 0.0 0.0 0.0
@@@@@@@@@  pruned 0/106
@@@@@@@@@ New points:  torch.Size([106, 3])
@@@@@@@@@ New points_influ_scores:  torch.Size([106, 1])
@@@@@@@@@ New pc_feats:  torch.Size([106, 64])
LR factor:  1.0
Step 12500: Pruned 0 points, prune threshold 0.000000
Train step: 12600 loss: 0.021143050864338875 tx_lr: 0.00029997828225398685 pts_lr: 0.0029812394411759422 scale: 65536.0 time: 69.31s
 encode: 12600 torch.Size([25600, 20, 32]) -29.40625 24.34375 -1.333984375 8.640625
 embedv: 12600 torch.Size([25600, 20, 32]) -29.40625 24.34375 -1.333984375 8.640625
 scores: 12600 torch.Size([25600, 1, 1, 20]) 0.0 0.0 0.0 0.0
Train step: 12800 loss: 0.0016855895519256592 tx_lr: 0.0002999748126520255 pts_lr: 0.0029806403877693202 scale: 65536.0 time: 68.16s
 encode: 12800 torch.Size([25600, 20, 32]) -43.5625 33.0625 -2.390625 11.546875
 embedv: 12800 torch.Size([25600, 20, 32]) -43.5625 33.0625 -2.390625 11.546875
 scores: 12800 torch.Size([25600, 1, 1, 20]) 0.0 0.0 0.0 0.0
Train step: 13000 loss: 0.29738467931747437 tx_lr: 0.0002999710860723104 pts_lr: 0.002980031981833293 scale: 65536.0 time: 64.93s
@@@@@@@@@  pruned 0/106
@@@@@@@@@ New points:  torch.Size([106, 3])
@@@@@@@@@ New points_influ_scores:  torch.Size([106, 1])
@@@@@@@@@ New pc_feats:  torch.Size([106, 64])
LR factor:  1.0
Step 13000: Pruned 0 points, prune threshold 0.000000
 encode: 13000 torch.Size([25600, 20, 32]) -18.4375 9.9765625 -0.491455078125 3.658203125
 embedv: 13000 torch.Size([25600, 20, 32]) -18.4375 9.9765625 -0.491455078125 3.658203125
 scores: 13000 torch.Size([25600, 1, 1, 20]) 0.0 0.0 0.0 0.0
 feat map: 13000 torch.Size([1, 160, 160, 32]) -16.794530868530273 9.091405868530273 -0.4915553033351898 3.653931140899658
 predict rgb: 13000 torch.Size([1, 160, 160, 3]) 0.8634861707687378 0.9233423471450806 0.889197826385498 0.007269255351275206
Train step: 13200 loss: 0.23860593140125275 tx_lr: 0.0002999671025212274 pts_lr: 0.002979414227210881 scale: 65536.0 time: 66.03s
 encode: 13200 torch.Size([25600, 20, 32]) -34.59375 21.53125 -1.31640625 7.828125
 embedv: 13200 torch.Size([25600, 20, 32]) -34.59375 21.53125 -1.31640625 7.828125
 scores: 13200 torch.Size([25600, 1, 1, 20]) 0.0 0.0 0.0 0.0
Train step: 13400 loss: 0.005207090172916651 tx_lr: 0.00029996286200560196 pts_lr: 0.002978787127804162 scale: 65536.0 time: 64.96s
 encode: 13400 torch.Size([25600, 20, 32]) -17.953125 12.5234375 -0.298828125 2.904296875
 embedv: 13400 torch.Size([25600, 20, 32]) -17.953125 12.5234375 -0.298828125 2.904296875
 scores: 13400 torch.Size([25600, 1, 1, 20]) 0.0 0.0 0.0 0.0
@@@@@@@@@  pruned 0/106
@@@@@@@@@ New points:  torch.Size([106, 3])
@@@@@@@@@ New points_influ_scores:  torch.Size([106, 1])
@@@@@@@@@ New pc_feats:  torch.Size([106, 64])
LR factor:  1.0
Step 13500: Pruned 0 points, prune threshold 0.000000
Train step: 13600 loss: 0.006087598390877247 tx_lr: 0.0002999583645327005 pts_lr: 0.0029781506875742347 scale: 65536.0 time: 67.75s
 encode: 13600 torch.Size([25600, 20, 32]) -59.625 43.90625 -1.9638671875 13.6875
 embedv: 13600 torch.Size([25600, 20, 32]) -59.625 43.90625 -1.9638671875 13.6875
 scores: 13600 torch.Size([25600, 1, 1, 20]) 0.0 0.0 0.0 0.0
Train step: 13800 loss: 0.008304099552333355 tx_lr: 0.0002999536101102295 pts_lr: 0.0029775049105412055 scale: 65536.0 time: 66.26s
 encode: 13800 torch.Size([25600, 20, 32]) -33.625 22.71875 -0.55615234375 4.7890625
 embedv: 13800 torch.Size([25600, 20, 32]) -33.625 22.71875 -0.55615234375 4.7890625
 scores: 13800 torch.Size([25600, 1, 1, 20]) 0.0 0.0 0.0 0.0
Train step: 14000 loss: 0.06999731808900833 tx_lr: 0.0002999485987463341 pts_lr: 0.0029768498007841514 scale: 65536.0 time: 65.25s
@@@@@@@@@  pruned 0/106
@@@@@@@@@ New points:  torch.Size([106, 3])
@@@@@@@@@ New points_influ_scores:  torch.Size([106, 1])
@@@@@@@@@ New pc_feats:  torch.Size([106, 64])
LR factor:  1.0
Step 14000: Pruned 0 points, prune threshold 0.000000
 encode: 14000 torch.Size([25600, 20, 32]) -31.265625 19.203125 -1.1171875 5.078125
 embedv: 14000 torch.Size([25600, 20, 32]) -31.265625 19.203125 -1.1171875 5.078125
 scores: 14000 torch.Size([25600, 1, 1, 20]) 0.0 0.0 0.0 0.0
 feat map: 14000 torch.Size([1, 160, 160, 32]) -30.339839935302734 18.62656021118164 -1.1176629066467285 5.076634407043457
 predict rgb: 14000 torch.Size([1, 160, 160, 3]) 0.639094352722168 0.95465487241745 0.8799795508384705 0.04007192701101303
Train step: 14200 loss: 0.0036586748901754618 tx_lr: 0.0002999433304496025 pts_lr: 0.002976185362441098 scale: 65536.0 time: 68.06s
 encode: 14200 torch.Size([25600, 20, 32]) -14.9921875 9.3125 -0.326904296875 1.572265625
 embedv: 14200 torch.Size([25600, 20, 32]) -14.9921875 9.3125 -0.326904296875 1.572265625
 scores: 14200 torch.Size([25600, 1, 1, 20]) 0.0 0.0 0.0 0.0
Train step: 14400 loss: 0.1204843819141388 tx_lr: 0.00029993780522906134 pts_lr: 0.0029755115997089974 scale: 65536.0 time: 67.13s
 encode: 14400 torch.Size([25600, 20, 32]) -50.96875 29.625 -1.1015625 5.8515625
 embedv: 14400 torch.Size([25600, 20, 32]) -50.96875 29.625 -1.1015625 5.8515625
 scores: 14400 torch.Size([25600, 1, 1, 20]) 0.0 0.0 0.0 0.0
@@@@@@@@@  pruned 0/106
@@@@@@@@@ New points:  torch.Size([106, 3])
@@@@@@@@@ New points_influ_scores:  torch.Size([106, 1])
@@@@@@@@@ New pc_feats:  torch.Size([106, 64])
LR factor:  1.0
Step 14500: Pruned 0 points, prune threshold 0.000000
Train step: 14600 loss: 0.027835724875330925 tx_lr: 0.0002999320230941781 pts_lr: 0.0029748285168437073 scale: 131072.0 time: 67.62s
 encode: 14600 torch.Size([25600, 20, 32]) -10.8828125 6.6796875 -0.07177734375 0.79736328125
 embedv: 14600 torch.Size([25600, 20, 32]) -10.8828125 6.6796875 -0.07177734375 0.79736328125
 scores: 14600 torch.Size([25600, 1, 1, 20]) 0.0 0.0 0.0 0.0
Train step: 14800 loss: 0.009353283792734146 tx_lr: 0.0002999259840548601 pts_lr: 0.002974136118159947 scale: 131072.0 time: 64.83s
 encode: 14800 torch.Size([25600, 20, 32]) -17.546875 10.1328125 -1.2333984375 4.4609375
 embedv: 14800 torch.Size([25600, 20, 32]) -17.546875 10.1328125 -1.2333984375 4.4609375
 scores: 14800 torch.Size([25600, 1, 1, 20]) 0.0 0.0 0.0 0.0
Train step: 15000 loss: 0.005321325268596411 tx_lr: 0.0002999196881214551 pts_lr: 0.0029734344080312816 scale: 65536.0 time: 68.64s
Eval step: 15000 train_loss: 0.09060853851380234 eval_loss: 0.10882380604743958 eval_psnr: 9.69269909233096
@@@@@@@@@  pruned 0/106
@@@@@@@@@ New points:  torch.Size([106, 3])
@@@@@@@@@ New points_influ_scores:  torch.Size([106, 1])
@@@@@@@@@ New pc_feats:  torch.Size([106, 64])
LR factor:  1.0
Step 15000: Pruned 0 points, prune threshold 0.000000
 encode: 15000 torch.Size([25600, 20, 32]) -37.125 20.9375 -1.8818359375 8.046875
 embedv: 15000 torch.Size([25600, 20, 32]) -37.125 20.9375 -1.8818359375 8.046875
 scores: 15000 torch.Size([25600, 1, 1, 20]) 0.0 0.0 0.0 0.0
 feat map: 15000 torch.Size([1, 160, 160, 32]) -36.4765625 20.569530487060547 -1.8814928531646729 8.049307823181152
 predict rgb: 15000 torch.Size([1, 160, 160, 3]) 0.8488011956214905 0.9671218395233154 0.9258146286010742 0.009065724909305573
Train step: 15200 loss: 0.0035092548932880163 tx_lr: 0.0002999131353047513 pts_lr: 0.0029727233908900972 scale: 65536.0 time: 74.99s
 encode: 15200 torch.Size([25600, 20, 32]) -35.0 21.65625 -0.984375 5.14453125
 embedv: 15200 torch.Size([25600, 20, 32]) -35.0 21.65625 -0.984375 5.14453125
 scores: 15200 torch.Size([25600, 1, 1, 20]) 0.0 0.0 0.0 0.0
Train step: 15400 loss: 0.13791702687740326 tx_lr: 0.000299906325615976 pts_lr: 0.002972003071227565 scale: 65536.0 time: 65.79s
 encode: 15400 torch.Size([25600, 20, 32]) -34.03125 20.703125 -1.0126953125 4.85546875
 embedv: 15400 torch.Size([25600, 20, 32]) -34.03125 20.703125 -1.0126953125 4.85546875
 scores: 15400 torch.Size([25600, 1, 1, 20]) 0.0 0.0 0.0 0.0
@@@@@@@@@  pruned 0/106
@@@@@@@@@ New points:  torch.Size([106, 3])
@@@@@@@@@ New points_influ_scores:  torch.Size([106, 1])
@@@@@@@@@ New pc_feats:  torch.Size([106, 64])
LR factor:  1.0
Step 15500: Pruned 0 points, prune threshold 0.000000
Train step: 15600 loss: 0.027442671358585358 tx_lr: 0.00029989925906679846 pts_lr: 0.00297127345359361 scale: 65536.0 time: 66.28s
 encode: 15600 torch.Size([25600, 20, 32]) -42.0625 23.9375 -1.4697265625 6.58203125
 embedv: 15600 torch.Size([25600, 20, 32]) -42.0625 23.9375 -1.4697265625 6.58203125
 scores: 15600 torch.Size([25600, 1, 1, 20]) 0.0 0.0 0.0 0.0
Train step: 15800 loss: 0.0322321355342865 tx_lr: 0.00029989193566932624 pts_lr: 0.002970534542596898 scale: 65536.0 time: 67.43s
 encode: 15800 torch.Size([25600, 20, 32]) -41.25 21.90625 -1.9453125 5.7109375
 embedv: 15800 torch.Size([25600, 20, 32]) -41.25 21.90625 -1.9453125 5.7109375
 scores: 15800 torch.Size([25600, 1, 1, 20]) 0.0 0.0 0.0 0.0
Train step: 16000 loss: 0.37002262473106384 tx_lr: 0.00029988435543610816 pts_lr: 0.00296978634290479 scale: 65536.0 time: 68.24s
@@@@@@@@@  pruned 0/106
@@@@@@@@@ New points:  torch.Size([106, 3])
@@@@@@@@@ New points_influ_scores:  torch.Size([106, 1])
@@@@@@@@@ New pc_feats:  torch.Size([106, 64])
LR factor:  1.0
Step 16000: Pruned 0 points, prune threshold 0.000000
 encode: 16000 torch.Size([25600, 20, 32]) -37.71875 18.25 -1.8701171875 5.0859375
 embedv: 16000 torch.Size([25600, 20, 32]) -37.71875 18.25 -1.8701171875 5.0859375
 scores: 16000 torch.Size([25600, 1, 1, 20]) 0.0 0.0 0.0 0.0
 feat map: 16000 torch.Size([1, 160, 160, 32]) -34.67890548706055 16.771873474121094 -1.8703668117523193 5.065669059753418
 predict rgb: 16000 torch.Size([1, 160, 160, 3]) 0.8151982426643372 0.9991881847381592 0.9110686182975769 0.019240673631429672
Train step: 16200 loss: 0.15381169319152832 tx_lr: 0.0002998765183801325 pts_lr: 0.0029690288592433218 scale: 65536.0 time: 68.97s
 encode: 16200 torch.Size([25600, 20, 32]) -29.9375 15.328125 -0.44921875 2.05859375
 embedv: 16200 torch.Size([25600, 20, 32]) -29.9375 15.328125 -0.44921875 2.05859375
 scores: 16200 torch.Size([25600, 1, 1, 20]) 0.0 0.0 0.0 0.0
Train step: 16400 loss: 0.002235530177131295 tx_lr: 0.00029986842451482836 pts_lr: 0.002968262096397176 scale: 65536.0 time: 66.22s
 encode: 16400 torch.Size([25600, 20, 32]) -61.25 38.59375 -2.658203125 14.7265625
 embedv: 16400 torch.Size([25600, 20, 32]) -61.25 38.59375 -2.658203125 14.7265625
 scores: 16400 torch.Size([25600, 1, 1, 20]) 0.0 0.0 0.0 0.0
@@@@@@@@@  pruned 0/106
@@@@@@@@@ New points:  torch.Size([106, 3])
@@@@@@@@@ New points_influ_scores:  torch.Size([106, 1])
@@@@@@@@@ New pc_feats:  torch.Size([106, 64])
LR factor:  1.0
Step 16500: Pruned 0 points, prune threshold 0.000000
Train step: 16600 loss: 0.01205981895327568 tx_lr: 0.0002998600738540639 pts_lr: 0.002967486059209639 scale: 65536.0 time: 69.83s
 encode: 16600 torch.Size([25600, 20, 32]) -0.4013671875 0.35205078125 -0.0131683349609375 0.171630859375
 embedv: 16600 torch.Size([25600, 20, 32]) -0.4013671875 0.35205078125 -0.0131683349609375 0.171630859375
 scores: 16600 torch.Size([25600, 1, 1, 20]) 0.0 0.0 0.0 0.0
Train step: 16800 loss: 0.008021700195968151 tx_lr: 0.00029985146641214785 pts_lr: 0.002966700752582591 scale: 65536.0 time: 67.48s
 encode: 16800 torch.Size([25600, 20, 32]) -74.9375 47.25 -3.412109375 14.453125
 embedv: 16800 torch.Size([25600, 20, 32]) -74.9375 47.25 -3.412109375 14.453125
 scores: 16800 torch.Size([25600, 1, 1, 20]) 0.0 0.0 0.0 0.0
Train step: 17000 loss: 0.16370649635791779 tx_lr: 0.0002998426022038291 pts_lr: 0.002965906181476448 scale: 131072.0 time: 65.88s
@@@@@@@@@  pruned 0/106
@@@@@@@@@ New points:  torch.Size([106, 3])
@@@@@@@@@ New points_influ_scores:  torch.Size([106, 1])
@@@@@@@@@ New pc_feats:  torch.Size([106, 64])
LR factor:  1.0
Step 17000: Pruned 0 points, prune threshold 0.000000
 encode: 17000 torch.Size([25600, 20, 32]) -40.125 22.96875 -2.787109375 9.8984375
 embedv: 17000 torch.Size([25600, 20, 32]) -40.125 22.96875 -2.787109375 9.8984375
 scores: 17000 torch.Size([25600, 1, 1, 20]) 0.0 0.0 0.0 0.0
 feat map: 17000 torch.Size([1, 160, 160, 32]) -37.83905792236328 21.663278579711914 -2.7870874404907227 9.893356323242188
 predict rgb: 17000 torch.Size([1, 160, 160, 3]) 0.8446551561355591 0.9713548421859741 0.9246454834938049 0.007477856241166592
Train step: 17200 loss: 0.18037892878055573 tx_lr: 0.0002998334812442955 pts_lr: 0.0029651023509101497 scale: 65536.0 time: 68.34s
 encode: 17200 torch.Size([25600, 20, 32]) -11.2734375 7.97265625 -0.03302001953125 0.3837890625
 embedv: 17200 torch.Size([25600, 20, 32]) -11.2734375 7.97265625 -0.03302001953125 0.3837890625
 scores: 17200 torch.Size([25600, 1, 1, 20]) 0.0 0.0 0.0 0.0
Train step: 17400 loss: 0.15700621902942657 tx_lr: 0.00029982410354917615 pts_lr: 0.002964289265961134 scale: 65536.0 time: 67.99s
 encode: 17400 torch.Size([25600, 20, 32]) -71.875 52.28125 -3.0078125 17.46875
 embedv: 17400 torch.Size([25600, 20, 32]) -71.875 52.28125 -3.0078125 17.46875
 scores: 17400 torch.Size([25600, 1, 1, 20]) 0.0 0.0 0.0 0.0
@@@@@@@@@  pruned 0/106
@@@@@@@@@ New points:  torch.Size([106, 3])
@@@@@@@@@ New points_influ_scores:  torch.Size([106, 1])
@@@@@@@@@ New pc_feats:  torch.Size([106, 64])
LR factor:  1.0
Step 17500: Pruned 0 points, prune threshold 0.000000
Train step: 17600 loss: 0.13790902495384216 tx_lr: 0.0002998144691345394 pts_lr: 0.002963466931765282 scale: 65536.0 time: 68.68s
 encode: 17600 torch.Size([25600, 20, 32]) -23.90625 14.984375 -0.376953125 2.330078125
 embedv: 17600 torch.Size([25600, 20, 32]) -23.90625 14.984375 -0.376953125 2.330078125
 scores: 17600 torch.Size([25600, 1, 1, 20]) 0.0 0.0 0.0 0.0
Train step: 17800 loss: 0.020132744684815407 tx_lr: 0.00029980457801689317 pts_lr: 0.0029626353535169127 scale: 65536.0 time: 65.81s
 encode: 17800 torch.Size([25600, 20, 32]) -28.296875 14.890625 -0.351806640625 2.34375
 embedv: 17800 torch.Size([25600, 20, 32]) -28.296875 14.890625 -0.351806640625 2.34375
 scores: 17800 torch.Size([25600, 1, 1, 20]) 0.0 0.0 0.0 0.0
Train step: 18000 loss: 0.009175281040370464 tx_lr: 0.0002997944302131864 pts_lr: 0.002961794536468717 scale: 65536.0 time: 67.06s
@@@@@@@@@  pruned 0/106
@@@@@@@@@ New points:  torch.Size([106, 3])
@@@@@@@@@ New points_influ_scores:  torch.Size([106, 1])
@@@@@@@@@ New pc_feats:  torch.Size([106, 64])
LR factor:  1.0
Step 18000: Pruned 0 points, prune threshold 0.000000
 encode: 18000 torch.Size([25600, 20, 32]) -74.0 30.859375 -4.44140625 17.109375
 embedv: 18000 torch.Size([25600, 20, 32]) -74.0 30.859375 -4.44140625 17.109375
 scores: 18000 torch.Size([25600, 1, 1, 20]) 0.0 0.0 0.0 0.0
 feat map: 18000 torch.Size([1, 160, 160, 32]) -72.01249694824219 30.018749237060547 -4.44069766998291 17.106847763061523
 predict rgb: 18000 torch.Size([1, 160, 160, 3]) 0.877315878868103 0.9964048862457275 0.9416483640670776 0.011967699974775314
Train step: 18200 loss: 0.19867679476737976 tx_lr: 0.00029978402574080677 pts_lr: 0.002960944485931759 scale: 65536.0 time: 70.03s
 encode: 18200 torch.Size([25600, 20, 32]) -38.0625 20.984375 -2.1953125 9.6484375
 embedv: 18200 torch.Size([25600, 20, 32]) -38.0625 20.984375 -2.1953125 9.6484375
 scores: 18200 torch.Size([25600, 1, 1, 20]) 0.0 0.0 0.0 0.0
Train step: 18400 loss: 0.09989258646965027 tx_lr: 0.000299773364617581 pts_lr: 0.002960085207275407 scale: 65536.0 time: 66.78s
 encode: 18400 torch.Size([25600, 20, 32]) -82.375 36.28125 -3.4140625 15.15625
 embedv: 18400 torch.Size([25600, 20, 32]) -82.375 36.28125 -3.4140625 15.15625
 scores: 18400 torch.Size([25600, 1, 1, 20]) 0.0 0.0 0.0 0.0
@@@@@@@@@  pruned 0/106
@@@@@@@@@ New points:  torch.Size([106, 3])
@@@@@@@@@ New points_influ_scores:  torch.Size([106, 1])
@@@@@@@@@ New pc_feats:  torch.Size([106, 64])
LR factor:  1.0
Step 18500: Pruned 0 points, prune threshold 0.000000
Train step: 18600 loss: 0.32498297095298767 tx_lr: 0.0002997624468617782 pts_lr: 0.002959216705927347 scale: 65536.0 time: 68.38s
 encode: 18600 torch.Size([25600, 20, 32]) -31.9375 18.640625 -0.96630859375 5.04296875
 embedv: 18600 torch.Size([25600, 20, 32]) -31.9375 18.640625 -0.96630859375 5.04296875
 scores: 18600 torch.Size([25600, 1, 1, 20]) 0.0 0.0 0.0 0.0
Train step: 18800 loss: 0.0007547075510956347 tx_lr: 0.00029975127249210463 pts_lr: 0.0029583389873735003 scale: 65536.0 time: 65.82s
 encode: 18800 torch.Size([25600, 20, 32]) -34.21875 17.96875 -0.125732421875 1.736328125
 embedv: 18800 torch.Size([25600, 20, 32]) -34.21875 17.96875 -0.125732421875 1.736328125
 scores: 18800 torch.Size([25600, 1, 1, 20]) 0.0 0.0 0.0 0.0
Train step: 19000 loss: 0.16069519519805908 tx_lr: 0.00029973984152770704 pts_lr: 0.0029574520571580202 scale: 65536.0 time: 66.69s
@@@@@@@@@  pruned 0/106
@@@@@@@@@ New points:  torch.Size([106, 3])
@@@@@@@@@ New points_influ_scores:  torch.Size([106, 1])
@@@@@@@@@ New pc_feats:  torch.Size([106, 64])
LR factor:  1.0
Step 19000: Pruned 0 points, prune threshold 0.000000
 encode: 19000 torch.Size([25600, 20, 32]) -84.8125 42.03125 -4.12109375 18.765625
 embedv: 19000 torch.Size([25600, 20, 32]) -84.8125 42.03125 -4.12109375 18.765625
 scores: 19000 torch.Size([25600, 1, 1, 20]) 0.0 0.0 0.0 0.0
 feat map: 19000 torch.Size([1, 160, 160, 32]) -81.54374694824219 40.37030792236328 -4.119318008422852 18.753419876098633
 predict rgb: 19000 torch.Size([1, 160, 160, 3]) 0.8850787281990051 1.0335159301757812 0.9603478312492371 0.013016468845307827
Train step: 19200 loss: 0.008233532309532166 tx_lr: 0.00029972815398817337 pts_lr: 0.002956555920883225 scale: 65536.0 time: 70.09s
 encode: 19200 torch.Size([25600, 20, 32]) -29.390625 19.6875 -1.923828125 5.38671875
 embedv: 19200 torch.Size([25600, 20, 32]) -29.390625 19.6875 -1.923828125 5.38671875
 scores: 19200 torch.Size([25600, 1, 1, 20]) 0.0 0.0 0.0 0.0
Train step: 19400 loss: 0.00536305969581008 tx_lr: 0.0002997162098935287 pts_lr: 0.0029556505842096136 scale: 65536.0 time: 65.97s
 encode: 19400 torch.Size([25600, 20, 32]) -35.9375 16.1875 -2.037109375 6.58203125
 embedv: 19400 torch.Size([25600, 20, 32]) -35.9375 16.1875 -2.037109375 6.58203125
 scores: 19400 torch.Size([25600, 1, 1, 20]) 0.0 0.0 0.0 0.0
@@@@@@@@@  pruned 0/106
@@@@@@@@@ New points:  torch.Size([106, 3])
@@@@@@@@@ New points_influ_scores:  torch.Size([106, 1])
@@@@@@@@@ New pc_feats:  torch.Size([106, 64])
LR factor:  1.0
Step 19500: Pruned 0 points, prune threshold 0.000000
Train step: 19600 loss: 0.10537651181221008 tx_lr: 0.0002997040092642402 pts_lr: 0.0029547360528557744 scale: 65536.0 time: 70.43s
 encode: 19600 torch.Size([25600, 20, 32]) -42.8125 19.1875 -1.6064453125 6.9609375
 embedv: 19600 torch.Size([25600, 20, 32]) -42.8125 19.1875 -1.6064453125 6.9609375
 scores: 19600 torch.Size([25600, 1, 1, 20]) 0.0 0.0 0.0 0.0
Train step: 19800 loss: 0.018209276720881462 tx_lr: 0.00029969155212121207 pts_lr: 0.00295381233259839 scale: 65536.0 time: 68.18s
 encode: 19800 torch.Size([25600, 20, 32]) -6.90625 3.244140625 -0.342041015625 0.90625
 embedv: 19800 torch.Size([25600, 20, 32]) -6.90625 3.244140625 -0.342041015625 0.90625
 scores: 19800 torch.Size([25600, 1, 1, 20]) 0.0 0.0 0.0 0.0
Train step: 20000 loss: 0.09409884363412857 tx_lr: 0.0002996788384857902 pts_lr: 0.0029528794292721797 scale: 65536.0 time: 66.13s
Eval step: 20000 train_loss: 0.08767397180307598 eval_loss: 0.10927093029022217 eval_psnr: 9.687970093722122
@@@@@@@@@  pruned 0/106
@@@@@@@@@ New points:  torch.Size([106, 3])
@@@@@@@@@ New points_influ_scores:  torch.Size([106, 1])
@@@@@@@@@ New pc_feats:  torch.Size([106, 64])
LR factor:  1.0
Step 20000: Pruned 0 points, prune threshold 0.000000
@@@@@@@@@  added 1000 points
@@@@@@@@@ New points:  torch.Size([1106, 3])
@@@@@@@@@ New points_influ_scores:  torch.Size([1106, 1])
@@@@@@@@@ New pc_feats:  torch.Size([1106, 64])
LR factor:  1.0
Step 20000: Added 1000 points
 encode: 20000 torch.Size([25600, 20, 32]) -30.640625 13.625 -1.900390625 6.01953125
 embedv: 20000 torch.Size([25600, 20, 32]) -30.640625 13.625 -1.900390625 6.01953125
 scores: 20000 torch.Size([25600, 1, 1, 20]) 0.0 0.0 0.0 0.0
 feat map: 20000 torch.Size([1, 160, 160, 32]) -29.449996948242188 13.099217414855957 -1.8999537229537964 6.01497220993042
 predict rgb: 20000 torch.Size([1, 160, 160, 3]) 0.7866690754890442 0.9055116176605225 0.8582704067230225 0.02185719646513462
Train step: 20200 loss: 0.003354949876666069 tx_lr: 0.000299665868379758 pts_lr: 0.0029519373487698628 scale: 65536.0 time: 79.82s
 encode: 20200 torch.Size([25600, 20, 32]) -14.515625 5.12890625 -0.6416015625 2.0546875
 embedv: 20200 torch.Size([25600, 20, 32]) -14.515625 5.12890625 -0.6416015625 2.0546875
 scores: 20200 torch.Size([25600, 1, 1, 20]) 0.0 0.0 0.0 0.0
